<?xml version="1.0" encoding="UTF-8"?>
<testng-results ignored="0" total="1" passed="1" failed="0" skipped="0">
  <reporter-output>
    <line>
      <![CDATA[TCS executes.....]]>
    </line>
  </reporter-output>
  <suite started-at="2024-02-19T15:48:42 IST" name="Suite" finished-at="2024-02-19T15:48:45 IST" duration-ms="3232">
    <groups>
      <group name="smoke">
        <method signature="TCSp.tCS()[pri:0, instance:Practise_batch.TCSp@703580bf]" name="tCS" class="Practise_batch.TCSp"/>
      </group> <!-- smoke -->
    </groups>
    <test started-at="2024-02-19T15:48:42 IST" name="Test" finished-at="2024-02-19T15:48:45 IST" duration-ms="3232">
      <class name="Practise_batch.TCSp">
        <test-method signature="tCS()[pri:0, instance:Practise_batch.TCSp@703580bf]" started-at="2024-02-19T15:48:42 IST" name="tCS" finished-at="2024-02-19T15:48:45 IST" duration-ms="3184" status="PASS">
          <reporter-output>
            <line>
              <![CDATA[TCS executes.....]]>
            </line>
          </reporter-output>
        </test-method> <!-- tCS -->
      </class> <!-- Practise_batch.TCSp -->
    </test> <!-- Test -->
  </suite> <!-- Suite -->
</testng-results>
